apiEncuesta/build/outputs/logs/manifest-merger-debug-report.txt
-- Merging decision tree log ---
manifest
ADDED from src\main\AndroidManifest.xml:2:1-48:12
INJECTED from src\main\AndroidManifest.xml:2:1-48:12
INJECTED from src\main\AndroidManifest.xml:2:1-48:12
INJECTED from src\main\AndroidManifest.xml:2:1-48:12
INJECTED from src\main\AndroidManifest.xml:2:1-48:12
INJECTED from src\main\AndroidManifest.xml:2:1-48:12
INJECTED from src\main\AndroidManifest.xml:2:1-48:12
	package
		ADDED from src\main\AndroidManifest.xml:3:11-41
		INJECTED from src\main\AndroidManifest.xml
		INJECTED from src\main\AndroidManifest.xml
	android:versionName
		ADDED from src\main\AndroidManifest.xml:5:11-36
		INJECTED from src\main\AndroidManifest.xml
		INJECTED from src\main\AndroidManifest.xml
	xmlns:android
		ADDED from src\main\AndroidManifest.xml:2:11-69
	android:versionCode
		ADDED from src\main\AndroidManifest.xml:4:11-34
		INJECTED from src\main\AndroidManifest.xml
		INJECTED from src\main\AndroidManifest.xml
application
ADDED from src\main\AndroidManifest.xml:8:5-46:19
	android:label
		ADDED from src\main\AndroidManifest.xml:12:9-41
	android:icon
		ADDED from src\main\AndroidManifest.xml:11:9-45
	android:allowBackup
		ADDED from src\main\AndroidManifest.xml:10:9-35
	android:theme
		ADDED from src\main\AndroidManifest.xml:13:9-40
	android:name
		ADDED from src\main\AndroidManifest.xml:9:9-52
activity#net.gshp.apiencuesta.MainActivity
ADDED from src\main\AndroidManifest.xml:14:9-22:20
	android:label
		ADDED from src\main\AndroidManifest.xml:16:13-45
	android:name
		ADDED from src\main\AndroidManifest.xml:15:13-61
intent-filter#action:name:android.intent.action.MAIN+category:name:android.intent.category.LAUNCHER
ADDED from src\main\AndroidManifest.xml:17:13-21:29
action#android.intent.action.MAIN
ADDED from src\main\AndroidManifest.xml:18:17-68
	android:name
		ADDED from src\main\AndroidManifest.xml:18:25-66
category#android.intent.category.LAUNCHER
ADDED from src\main\AndroidManifest.xml:20:17-76
	android:name
		ADDED from src\main\AndroidManifest.xml:20:27-74
service#net.gshp.apiencuesta.ServiceEncuesta
ADDED from src\main\AndroidManifest.xml:24:9-28:19
	android:enabled
		ADDED from src\main\AndroidManifest.xml:26:13-35
	android:exported
		ADDED from src\main\AndroidManifest.xml:27:13-36
	android:name
		ADDED from src\main\AndroidManifest.xml:25:13-64
activity#net.gshp.apiencuesta.ListTipoEncuestas
ADDED from src\main\AndroidManifest.xml:30:9-34:20
	android:label
		ADDED from src\main\AndroidManifest.xml:32:13-71
	android:theme
		ADDED from src\main\AndroidManifest.xml:33:13-66
	android:name
		ADDED from src\main\AndroidManifest.xml:31:13-66
activity#net.gshp.apiencuesta.ListEncuestas
ADDED from src\main\AndroidManifest.xml:35:9-39:20
	android:label
		ADDED from src\main\AndroidManifest.xml:37:13-66
	android:theme
		ADDED from src\main\AndroidManifest.xml:38:13-66
	android:name
		ADDED from src\main\AndroidManifest.xml:36:13-62
activity#net.gshp.apiencuesta.Encuesta
ADDED from src\main\AndroidManifest.xml:40:9-45:20
	android:label
		ADDED from src\main\AndroidManifest.xml:42:13-60
	android:windowSoftInputMode
		ADDED from src\main\AndroidManifest.xml:44:13-52
	android:theme
		ADDED from src\main\AndroidManifest.xml:43:13-77
	android:name
		ADDED from src\main\AndroidManifest.xml:41:13-57
uses-sdk
INJECTED from src\main\AndroidManifest.xml reason: use-sdk injection requested
INJECTED from src\main\AndroidManifest.xml
INJECTED from src\main\AndroidManifest.xml
INJECTED from src\main\AndroidManifest.xml
INJECTED from src\main\AndroidManifest.xml
	android:targetSdkVersion
		INJECTED from src\main\AndroidManifest.xml
		ADDED from src\main\AndroidManifest.xml
		INJECTED from src\main\AndroidManifest.xml
	android:minSdkVersion
		INJECTED from src\main\AndroidManifest.xml
		ADDED from src\main\AndroidManifest.xml
		INJECTED from src\main\AndroidManifest.xml